<?xml version="1.0" encoding="UTF-8"?>
<!-- Generated by org.testng.reporters.JUnitReportReporter -->
<testsuite hostname="Maniteja9101996" failures="0" tests="3" name="com.TestMavenProject.TestClass1" time="0.046" errors="0" timestamp="2023-10-14T15:01:55 IST" skipped="0">
  <testcase classname="com.TestMavenProject.TestClass1" name="testclass1" time="0.044"/>
  <testcase classname="com.TestMavenProject.TestClass1" name="testclass2" time="0.001"/>
  <testcase classname="com.TestMavenProject.TestClass1" name="testclass3" time="0.001"/>
</testsuite> <!-- com.TestMavenProject.TestClass1 -->
