<?xml version="1.0" encoding="UTF-8"?>
<!-- Generated by org.testng.reporters.JUnitReportReporter -->
<testsuite hostname="Maniteja9101996" failures="0" tests="1" name="com.screenShot.ScreenShotTest" time="18.920" errors="0" timestamp="2023-10-23T16:26:17 IST" skipped="0">
  <testcase classname="com.screenShot.ScreenShotTest" name="testcase1" time="18.920"/>
</testsuite> <!-- com.screenShot.ScreenShotTest -->
