<?xml version="1.0" encoding="UTF-8"?>
<!-- Generated by org.testng.reporters.JUnitReportReporter -->
<testsuite hostname="Maniteja9101996" failures="0" tests="3" name="com.tests.TestClass1" time="0.046" errors="0" timestamp="2023-10-30T16:32:56 IST" skipped="0">
  <testcase classname="com.tests.TestClass1" name="testCase2" time="0.010"/>
  <testcase classname="com.tests.TestClass1" name="testCase3" time="0.011"/>
  <testcase classname="com.tests.TestClass1" name="testCase1" time="0.025"/>
</testsuite> <!-- com.tests.TestClass1 -->
