<?xml version="1.0" encoding="UTF-8"?>
<!-- Generated by org.testng.reporters.JUnitReportReporter -->
<testsuite hostname="Maniteja9101996" failures="0" tests="1" name="com.HeadLessBrowserTest.HtmlUnitDriverTest" time="4.115" errors="0" timestamp="2023-10-16T18:19:51 IST" skipped="0">
  <testcase classname="com.HeadLessBrowserTest.HtmlUnitDriverTest" name="headLessBrowserTest" time="4.115"/>
</testsuite> <!-- com.HeadLessBrowserTest.HtmlUnitDriverTest -->
