<?xml version="1.0" encoding="UTF-8"?>
<!-- Generated by org.testng.reporters.JUnitReportReporter -->
<testsuite hostname="Maniteja9101996" failures="0" tests="1" name="screenshot.captutreScreenShotonFailure" time="6.687" errors="0" timestamp="2023-10-25T14:58:52 IST" skipped="0">
  <testcase classname="screenshot.captutreScreenShotonFailure" name="HomePageTest" time="6.687"/>
</testsuite> <!-- screenshot.captutreScreenShotonFailure -->
