<?xml version="1.0" encoding="UTF-8"?>
<!-- Generated by org.testng.reporters.JUnitReportReporter -->
<testsuite hostname="Maniteja9101996" failures="0" tests="1" name="webTable.WebTableDemo" time="31.086" errors="0" timestamp="2023-10-19T16:37:37 IST" skipped="0">
  <testcase classname="webTable.WebTableDemo" name="VerifyTable" time="31.086"/>
</testsuite> <!-- webTable.WebTableDemo -->
