<?xml version="1.0" encoding="UTF-8"?>
<!-- Generated by org.testng.reporters.JUnitReportReporter -->
<testsuite hostname="Maniteja9101996" failures="0" tests="1" name="com.TestMavenProject.HeadLessChrome" time="5.026" errors="0" timestamp="2023-10-17T21:07:28 IST" skipped="0">
  <testcase classname="com.TestMavenProject.HeadLessChrome" name="headlessTest" time="5.026"/>
</testsuite> <!-- com.TestMavenProject.HeadLessChrome -->
