<?xml version="1.0" encoding="UTF-8"?>
<!-- Generated by org.testng.reporters.JUnitReportReporter -->
<testsuite hostname="Maniteja9101996" failures="0" tests="1" name="com.Test.AshotTest1" time="90.537" errors="0" timestamp="2023-10-25T16:53:33 IST" skipped="0">
  <testcase classname="com.Test.AshotTest1" name="setup" time="90.537"/>
</testsuite> <!-- com.Test.AshotTest1 -->
