<?xml version="1.0" encoding="UTF-8"?>
<!-- Generated by org.testng.reporters.JUnitReportReporter -->
<testsuite hostname="Maniteja9101996" failures="0" tests="1" name="com.Test.LogoScreenShotExample" time="5.976" errors="0" timestamp="2023-10-26T15:54:41 IST" skipped="0">
  <testcase classname="com.Test.LogoScreenShotExample" name="LogoScreenShotExample" time="5.976"/>
</testsuite> <!-- com.Test.LogoScreenShotExample -->
