<?xml version="1.0" encoding="UTF-8"?>
<!-- Generated by org.testng.reporters.JUnitReportReporter -->
<testsuite hostname="Maniteja9101996" failures="0" tests="1" name="com.Test.ElementScreenshotbyAShotAPI" time="23.783" errors="0" timestamp="2023-10-26T16:50:32 IST" skipped="0">
  <testcase classname="com.Test.ElementScreenshotbyAShotAPI" name="ElementScreenshotbyAShotAPI" time="23.783"/>
</testsuite> <!-- com.Test.ElementScreenshotbyAShotAPI -->
