<?xml version="1.0" encoding="UTF-8"?>
<!-- Generated by org.testng.reporters.JUnitReportReporter -->
<testsuite hostname="Maniteja9101996" failures="0" tests="1" name="com.Test.FullScreenShot" time="15.060" errors="0" timestamp="2023-10-26T15:49:11 IST" skipped="0">
  <testcase classname="com.Test.FullScreenShot" name="FullScreenShot" time="15.060"/>
</testsuite> <!-- com.Test.FullScreenShot -->
