<?xml version="1.0" encoding="UTF-8"?>
<!-- Generated by org.testng.reporters.JUnitReportReporter -->
<testsuite hostname="Maniteja9101996" failures="0" tests="1" name="waitsDemo.Demo1" time="20.315" errors="0" timestamp="2023-09-26T16:32:48 IST" skipped="0">
  <testcase classname="waitsDemo.Demo1" name="Demo1" time="20.315"/>
</testsuite> <!-- waitsDemo.Demo1 -->
