<?xml version="1.0" encoding="UTF-8"?>
<!-- Generated by org.testng.reporters.JUnitReportReporter -->
<testsuite hostname="Maniteja9101996" failures="0" tests="1" name="com.test.FirstTestClass" time="20.185" errors="0" timestamp="2023-09-26T15:53:47 IST" skipped="0">
  <testcase classname="com.test.FirstTestClass" name="FirstTestClass" time="20.185"/>
</testsuite> <!-- com.test.FirstTestClass -->
