<?xml version="1.0" encoding="UTF-8"?>
<!-- Generated by org.testng.reporters.JUnitReportReporter -->
<testsuite hostname="Maniteja9101996" failures="0" tests="1" name="com.test.WindowHandle3" time="15.782" errors="0" timestamp="2023-11-25T13:17:09 IST" skipped="0">
  <testcase classname="com.test.WindowHandle3" name="WindowHandle2" time="15.782"/>
</testsuite> <!-- com.test.WindowHandle3 -->
