<?xml version="1.0" encoding="UTF-8"?>
<!-- Generated by org.testng.reporters.JUnitReportReporter -->
<testsuite hostname="Maniteja9101996" failures="0" tests="2" name="ParallelTestingDemo.ClassB" time="0.031" errors="0" timestamp="2023-10-04T22:20:25 IST" skipped="0">
  <testcase classname="ParallelTestingDemo.ClassB" name="testcase2" time="0.001"/>
  <testcase classname="ParallelTestingDemo.ClassB" name="testcase1" time="0.030"/>
</testsuite> <!-- ParallelTestingDemo.ClassB -->
