<?xml version="1.0" encoding="UTF-8"?>
<!-- Generated by org.testng.reporters.JUnitReportReporter -->
<testsuite hostname="Maniteja9101996" failures="0" tests="1" name="runFailesTC.FailTestRunnner" time="0.484" errors="0" timestamp="2023-10-06T11:58:47 IST" skipped="0">
  <testcase classname="runFailesTC.FailTestRunnner" name="RunFailTestcases" time="0.484"/>
</testsuite> <!-- runFailesTC.FailTestRunnner -->
