<?xml version="1.0" encoding="UTF-8"?>
<!-- Generated by org.testng.reporters.JUnitReportReporter -->
<testsuite hostname="Maniteja9101996" failures="0" tests="3" name="ParallelTestingDemo.ClassE" time="0.096" errors="0" timestamp="2023-10-04T22:32:12 IST" skipped="0">
  <testcase classname="ParallelTestingDemo.ClassE" name="testcase1" time="0.002"/>
  <testcase classname="ParallelTestingDemo.ClassE" name="testcase1" time="0.047"/>
  <testcase classname="ParallelTestingDemo.ClassE" name="testcase1" time="0.047"/>
</testsuite> <!-- ParallelTestingDemo.ClassE -->
