<?xml version="1.0" encoding="UTF-8"?>
<!-- Generated by org.testng.reporters.JUnitReportReporter -->
<testsuite hostname="Maniteja9101996" failures="0" tests="2" name="testNGPackage.TestAnnotationExecution" time="0.022" errors="0" timestamp="2023-09-26T16:00:13 IST" skipped="0">
  <testcase classname="testNGPackage.TestAnnotationExecution" name="testmethod2" time="0.002"/>
  <testcase classname="testNGPackage.TestAnnotationExecution" name="testmethod1" time="0.020"/>
</testsuite> <!-- testNGPackage.TestAnnotationExecution -->
