<?xml version="1.0" encoding="UTF-8"?>
<!-- Generated by org.testng.reporters.JUnitReportReporter -->
<testsuite hostname="Maniteja9101996" failures="0" tests="1" name="com.datePicker.DatePickerByJS" time="9.183" errors="0" timestamp="2023-10-20T11:40:58 IST" skipped="0">
  <testcase classname="com.datePicker.DatePickerByJS" name="datePcikerTestbyJS" time="9.183"/>
</testsuite> <!-- com.datePicker.DatePickerByJS -->
