<?xml version="1.0" encoding="UTF-8"?>
<!-- Generated by org.testng.reporters.JUnitReportReporter -->
<testsuite hostname="Maniteja9101996" failures="0" tests="1" name="com.test.WindowHandle" time="27.534" errors="0" timestamp="2023-11-25T13:04:59 IST" skipped="0">
  <testcase classname="com.test.WindowHandle" name="WindowHandle" time="27.534"/>
</testsuite> <!-- com.test.WindowHandle -->
