<?xml version="1.0" encoding="UTF-8"?>
<!-- Generated by org.testng.reporters.JUnitReportReporter -->
<testsuite hostname="Maniteja9101996" failures="0" tests="1" name="com.test.CSSDemo" time="23.829" errors="0" timestamp="2023-09-26T16:07:03 IST" skipped="0">
  <testcase classname="com.test.CSSDemo" name="CSSDemo" time="23.829"/>
</testsuite> <!-- com.test.CSSDemo -->
