<?xml version="1.0" encoding="UTF-8"?>
<!-- Generated by org.testng.reporters.JUnitReportReporter -->
<testsuite hostname="Maniteja9101996" failures="0" tests="1" name="com.test.NavigationCommands" time="22.419" errors="0" timestamp="2023-09-26T15:56:38 IST" skipped="0">
  <testcase classname="com.test.NavigationCommands" name="NavigationCommands" time="22.419"/>
</testsuite> <!-- com.test.NavigationCommands -->
