<?xml version="1.0" encoding="UTF-8"?>
<!-- Generated by org.testng.reporters.JUnitReportReporter -->
<testsuite hostname="Maniteja9101996" failures="0" tests="2" name="ParallelTestingDemo.ClassA$ClassB" time="0.061" errors="0" timestamp="2023-10-04T22:16:06 IST" skipped="0">
  <testcase classname="ParallelTestingDemo.ClassA$ClassB" name="testCase4" time="0.030"/>
  <testcase classname="ParallelTestingDemo.ClassA$ClassB" name="testCase3" time="0.031"/>
</testsuite> <!-- ParallelTestingDemo.ClassA$ClassB -->
