<?xml version="1.0" encoding="UTF-8"?>
<!-- Generated by org.testng.reporters.JUnitReportReporter -->
<testsuite hostname="Maniteja9101996" failures="0" tests="2" name="ParallelTestingDemo.ClassC" time="0.032" errors="0" timestamp="2023-10-04T22:20:25 IST" skipped="0">
  <testcase classname="ParallelTestingDemo.ClassC" name="testcase4" time="0.002"/>
  <testcase classname="ParallelTestingDemo.ClassC" name="testcase3" time="0.030"/>
</testsuite> <!-- ParallelTestingDemo.ClassC -->
