<?xml version="1.0" encoding="UTF-8"?>
<!-- Generated by org.testng.reporters.JUnitReportReporter -->
<testsuite hostname="Maniteja9101996" failures="0" tests="1" name="com.test.ScrollUpDown" time="23.387" errors="0" timestamp="2023-09-26T15:54:56 IST" skipped="0">
  <testcase classname="com.test.ScrollUpDown" name="ScrollUpDown" time="23.387"/>
</testsuite> <!-- com.test.ScrollUpDown -->
