<?xml version="1.0" encoding="UTF-8"?>
<!-- Generated by org.testng.reporters.JUnitReportReporter -->
<testsuite hostname="Maniteja9101996" failures="0" tests="2" name="ParallelTestingDemo.ClassD" time="0.012" errors="0" timestamp="2023-10-04T22:26:39 IST" skipped="0">
  <testcase classname="ParallelTestingDemo.ClassD" name="testcase1" time="0.011"/>
  <testcase classname="ParallelTestingDemo.ClassD" name="testcase2" time="0.001"/>
</testsuite> <!-- ParallelTestingDemo.ClassD -->
