<?xml version="1.0" encoding="UTF-8"?>
<!-- Generated by org.testng.reporters.JUnitReportReporter -->
<testsuite hostname="Maniteja9101996" failures="0" tests="2" name="runFailesTC.ClassB" time="0.002" errors="0" timestamp="2023-10-06T11:58:47 IST" skipped="0">
  <testcase classname="runFailesTC.ClassB" name="Testcase4" time="0.001"/>
  <testcase classname="runFailesTC.ClassB" name="Testcase3" time="0.001"/>
</testsuite> <!-- runFailesTC.ClassB -->
