<?xml version="1.0" encoding="UTF-8"?>
<!-- Generated by org.testng.reporters.JUnitReportReporter -->
<testsuite hostname="Maniteja9101996" failures="0" tests="2" name="com.CrossBrowserTest.CrossBrowserDemo" time="26.746" errors="0" timestamp="2023-10-05T15:15:36 IST" skipped="0">
  <testcase classname="com.CrossBrowserTest.CrossBrowserDemo" name="launchApp" time="10.394"/>
  <testcase classname="com.CrossBrowserTest.CrossBrowserDemo" name="launchApp" time="16.352"/>
</testsuite> <!-- com.CrossBrowserTest.CrossBrowserDemo -->
