<?xml version="1.0" encoding="UTF-8"?>
<!-- Generated by org.testng.reporters.JUnitReportReporter -->
<testsuite hostname="Maniteja9101996" failures="0" tests="1" name="ScreenshotTest.Screenshot" time="9.256" errors="0" timestamp="2023-10-24T10:39:25 IST" skipped="0">
  <testcase classname="ScreenshotTest.Screenshot" name="testcase1" time="9.256"/>
</testsuite> <!-- ScreenshotTest.Screenshot -->
