<?xml version="1.0" encoding="UTF-8"?>
<!-- Generated by org.testng.reporters.JUnitReportReporter -->
<testsuite hostname="Maniteja9101996" failures="0" tests="2" name="ListenerTestNG.TestClass1" time="0.002" errors="0" timestamp="2023-10-06T13:46:49 IST" skipped="0">
  <testcase classname="ListenerTestNG.TestClass1" name="TestCase6" time="0.001"/>
  <testcase classname="ListenerTestNG.TestClass1" name="TestCase5" time="0.001"/>
</testsuite> <!-- ListenerTestNG.TestClass1 -->
