<?xml version="1.0" encoding="UTF-8"?>
<!-- Generated by org.testng.reporters.JUnitReportReporter -->
<testsuite hostname="Maniteja9101996" failures="0" tests="2" name="ParallelTestingDemo.ClassA" time="22.064" errors="0" timestamp="2023-10-04T22:16:06 IST" skipped="0">
  <testcase classname="ParallelTestingDemo.ClassA" name="testcase1" time="12.613"/>
  <testcase classname="ParallelTestingDemo.ClassA" name="testcase2" time="9.451"/>
</testsuite> <!-- ParallelTestingDemo.ClassA -->
