<?xml version="1.0" encoding="UTF-8"?>
<!-- Generated by org.testng.reporters.JUnitReportReporter -->
<testsuite hostname="Maniteja9101996" failures="0" tests="1" name="com.datePicker.HandleDatePciker" time="15.976" errors="0" timestamp="2023-10-20T11:31:20 IST" skipped="0">
  <testcase classname="com.datePicker.HandleDatePciker" name="datePicker" time="15.976"/>
</testsuite> <!-- com.datePicker.HandleDatePciker -->
